<?xml version="1.0" encoding="UTF-8"?>
<testsuite name="mobileweb terbaru"
           tests="3"
           failures="1"
           errors="0"
           skipped="2"
           time="3.341">
    <properties></properties>

            <testcase
                name="openBrowser"
                time="3.340"
                classname="Test.MemberTest">

            <failure type="org.openqa.selenium.SessionNotCreatedException" message="Could not start a new session. Response code 500. Message: session not created: This version of ChromeDriver only supports Chrome version 114
Current browser version is 121.0.6167.185 with binary path C:\Program Files\Google\Chrome\Application\chrome.exe
Build info: version: &apos;4.0.0-beta-3&apos;, revision: &apos;5d108f9a67&apos;
System info: host: &apos;LAPTOP-TPHO959A&apos;, ip: &apos;10.200.19.6&apos;, os.name: &apos;Windows 11&apos;, os.arch: &apos;amd64&apos;, os.version: &apos;10.0&apos;, java.version: &apos;11.0.22&apos;
Driver info: org.openqa.selenium.chrome.ChromeDriver
Command: [null, newSession {desiredCapabilities=Capabilities {browserName: chrome}}]">
                <![CDATA[org.openqa.selenium.SessionNotCreatedException: Could not start a new session. Response code 500. Message: session not created: This version of ChromeDriver only supports Chrome version 114
Current browser version is 121.0.6167.185 with binary path C:\Program Files\Google\Chrome\Application\chrome.exe
Build info: version: '4.0.0-beta-3', revision: '5d108f9a67'
System info: host: 'LAPTOP-TPHO959A', ip: '10.200.19.6', os.name: 'Windows 11', os.arch: 'amd64', os.version: '10.0', java.version: '11.0.22'
Driver info: org.openqa.selenium.chrome.ChromeDriver
Command: [null, newSession {desiredCapabilities=Capabilities {browserName: chrome}}]
                org.openqa.selenium.remote.ProtocolHandshake.createSession(ProtocolHandshake.java:126)org.openqa.selenium.remote.ProtocolHandshake.createSession(ProtocolHandshake.java:84)org.openqa.selenium.remote.ProtocolHandshake.createSession(ProtocolHandshake.java:62)org.openqa.selenium.remote.HttpCommandExecutor.execute(HttpCommandExecutor.java:156)org.openqa.selenium.remote.service.DriverCommandExecutor.invokeExecute(DriverCommandExecutor.java:153)org.openqa.selenium.remote.service.DriverCommandExecutor.execute(DriverCommandExecutor.java:128)org.openqa.selenium.remote.RemoteWebDriver.execute(RemoteWebDriver.java:619)org.openqa.selenium.remote.RemoteWebDriver.startSession(RemoteWebDriver.java:251)org.openqa.selenium.remote.RemoteWebDriver.<init>(RemoteWebDriver.java:173)org.openqa.selenium.chromium.ChromiumDriver.<init>(ChromiumDriver.java:89)org.openqa.selenium.chrome.ChromeDriver.<init>(ChromeDriver.java:99)org.openqa.selenium.chrome.ChromeDriver.<init>(ChromeDriver.java:86)org.openqa.selenium.chrome.ChromeDriver.<init>(ChromeDriver.java:75)Test.BaseTest.openBrowser(BaseTest.java:27)java.base/jdk.internal.reflect.NativeMethodAccessorImpl.invoke0(Native Method)java.base/jdk.internal.reflect.NativeMethodAccessorImpl.invoke(NativeMethodAccessorImpl.java:62)java.base/jdk.internal.reflect.DelegatingMethodAccessorImpl.invoke(DelegatingMethodAccessorImpl.java:43)java.base/java.lang.reflect.Method.invoke(Method.java:572)org.testng.internal.MethodInvocationHelper.invokeMethod(MethodInvocationHelper.java:124)org.testng.internal.MethodInvocationHelper.invokeMethodConsideringTimeout(MethodInvocationHelper.java:59)org.testng.internal.Invoker.invokeConfigurationMethod(Invoker.java:458)org.testng.internal.Invoker.invokeConfigurations(Invoker.java:222)org.testng.internal.Invoker.invokeMethod(Invoker.java:523)org.testng.internal.Invoker.invokeTestMethod(Invoker.java:719)org.testng.internal.Invoker.invokeTestMethods(Invoker.java:989)org.testng.internal.TestMethodWorker.invokeTestMethods(TestMethodWorker.java:125)org.testng.internal.TestMethodWorker.run(TestMethodWorker.java:109)org.testng.TestRunner.privateRun(TestRunner.java:648)org.testng.TestRunner.run(TestRunner.java:505)org.testng.SuiteRunner.runTest(SuiteRunner.java:455)org.testng.SuiteRunner.runSequentially(SuiteRunner.java:450)org.testng.SuiteRunner.privateRun(SuiteRunner.java:415)org.testng.SuiteRunner.run(SuiteRunner.java:364)org.testng.SuiteRunnerWorker.runSuite(SuiteRunnerWorker.java:52)org.testng.SuiteRunnerWorker.run(SuiteRunnerWorker.java:84)org.testng.TestNG.runSuitesSequentially(TestNG.java:1208)org.testng.TestNG.runSuitesLocally(TestNG.java:1137)org.testng.TestNG.runSuites(TestNG.java:1049)org.testng.TestNG.run(TestNG.java:1017)com.intellij.rt.testng.IDEARemoteTestNG.run(IDEARemoteTestNG.java:66)com.intellij.rt.testng.RemoteTestNGStarter.main(RemoteTestNGStarter.java:105)
]]>
            </failure>
    </testcase>

            <testcase
                name="closeBrowser"
                time="0.0"
                classname="Test.MemberTest">
            </testcase>
            <testcase
                name="MemberMenu"
                time="0.0"
                classname="Test.MemberTest">
            </testcase>

</testsuite>
